<?xml version="1.0" encoding="UTF-8" ?>
<!--
  ~
  ~  Certain versions of software and/or documents (“Material”) accessible here may contain branding from
  ~  Hewlett-Packard Company (now HP Inc.) and Hewlett Packard Enterprise Company.  As of September 1, 2017,
  ~  the Material is now offered by Micro Focus, a separately owned and operated company.  Any reference to the HP
  ~  and Hewlett Packard Enterprise/HPE marks is historical in nature, and the HP and Hewlett Packard Enterprise/HPE
  ~  marks are the property of their respective owners.
  ~ __________________________________________________________________
  ~ MIT License
  ~
  ~ © Copyright 2012-2018 Micro Focus or one of its affiliates.
  ~
  ~ The only warranties for products and services of Micro Focus and its affiliates
  ~ and licensors (“Micro Focus”) are set forth in the express warranty statements
  ~ accompanying such products and services. Nothing herein should be construed as
  ~ constituting an additional warranty. Micro Focus shall not be liable for technical
  ~ or editorial errors or omissions contained herein.
  ~ The information contained herein is subject to change without notice.
  ~ ___________________________________________________________________
  ~
  -->

<testsuites>
  <testsuite errors="0" failures="1" hostname="ZHUCHU8" id="0" name="TestProg1Prj1Test1" package="prog1prj1" tests="3" time="1.121" timestamp="2015-05-26T14:28:34">
      <properties>
[...]
</properties>

      <testcase classname="prog1prj1.TestProg1Prj1Test1" name="testMethod1" time="0.002" />

      <testcase classname="prog1prj1.TestProg1Prj1Test1" name="testMethod2" time="0.0" />

      <testcase classname="prog1prj1.TestProg1Prj1Test1" name="testMethod3" time="0.046">
          <failure message="Not yet implemented" type="junit.framework.AssertionFailedError">junit.framework.AssertionFailedError: Not yet implemented
	at prog1prj1.TestProg1Prj1Test1.testMethod3(Unknown Source)
</failure>

      </testcase>

      <system-out />

      <system-err />

  </testsuite>
</testsuites>
