<?xml version="1.0" encoding="UTF-8"?>
<!--
  ~
  ~  Certain versions of software and/or documents (“Material”) accessible here may contain branding from
  ~  Hewlett-Packard Company (now HP Inc.) and Hewlett Packard Enterprise Company.  As of September 1, 2017,
  ~  the Material is now offered by Micro Focus, a separately owned and operated company.  Any reference to the HP
  ~  and Hewlett Packard Enterprise/HPE marks is historical in nature, and the HP and Hewlett Packard Enterprise/HPE
  ~  marks are the property of their respective owners.
  ~ __________________________________________________________________
  ~ MIT License
  ~
  ~ © Copyright 2012-2018 Micro Focus or one of its affiliates.
  ~
  ~ The only warranties for products and services of Micro Focus and its affiliates
  ~ and licensors (“Micro Focus”) are set forth in the express warranty statements
  ~ accompanying such products and services. Nothing herein should be construed as
  ~ constituting an additional warranty. Micro Focus shall not be liable for technical
  ~ or editorial errors or omissions contained herein.
  ~ The information contained herein is subject to change without notice.
  ~ ___________________________________________________________________
  ~
  -->

<testng-results skipped="0" failed="0" total="2" passed="2">
  <reporter-output>
  </reporter-output>
  <suite name="Suite1" duration-ms="41" started-at="2015-04-12T12:20:18Z" finished-at="2015-04-12T12:20:18Z">
    <groups>
    </groups>
    <test name="test1" duration-ms="41" started-at="2015-04-12T12:20:18Z" finished-at="2015-04-12T12:20:18Z">
      <class name="TestMessageUtil">
        <test-method status="PASS" signature="testPrintMessage()[pri:0, instance:TestMessageUtil@2a3046da]" name="testPrintMessage" duration-ms="32" started-at="2015-04-12T20:20:18Z" finished-at="2015-04-12T20:20:18Z">
          <reporter-output>
          </reporter-output>
        </test-method> <!-- testPrintMessage -->
        <test-method status="PASS" signature="testSalutationMessage()[pri:0, instance:TestMessageUtil@2a3046da]" name="testSalutationMessage" duration-ms="0" started-at="2015-04-12T20:20:18Z" finished-at="2015-04-12T20:20:18Z">
          <reporter-output>
          </reporter-output>
        </test-method> <!-- testSalutationMessage -->
      </class> <!-- TestMessageUtil -->
    </test> <!-- test1 -->
  </suite> <!-- Suite1 -->
</testng-results>
