<?xml version="1.0" encoding="UTF-8"?>
<!--
  ~ © Copyright 2013 EntIT Software LLC
  ~  Certain versions of software and/or documents (“Material”) accessible here may contain branding from
  ~  Hewlett-Packard Company (now HP Inc.) and Hewlett Packard Enterprise Company.  As of September 1, 2017,
  ~  the Material is now offered by Micro Focus, a separately owned and operated company.  Any reference to the HP
  ~  and Hewlett Packard Enterprise/HPE marks is historical in nature, and the HP and Hewlett Packard Enterprise/HPE
  ~  marks are the property of their respective owners.
  ~ __________________________________________________________________
  ~ MIT License
  ~
  ~ Copyright (c) 2018 Micro Focus Company, L.P.
  ~
  ~ Permission is hereby granted, free of charge, to any person obtaining a copy
  ~ of this software and associated documentation files (the "Software"), to deal
  ~ in the Software without restriction, including without limitation the rights
  ~ to use, copy, modify, merge, publish, distribute, sublicense, and/or sell
  ~ copies of the Software, and to permit persons to whom the Software is
  ~ furnished to do so, subject to the following conditions:
  ~
  ~ The above copyright notice and this permission notice shall be included in all
  ~ copies or substantial portions of the Software.
  ~
  ~ THE SOFTWARE IS PROVIDED "AS IS", WITHOUT WARRANTY OF ANY KIND, EXPRESS OR
  ~ IMPLIED, INCLUDING BUT NOT LIMITED TO THE WARRANTIES OF MERCHANTABILITY,
  ~ FITNESS FOR A PARTICULAR PURPOSE AND NONINFRINGEMENT. IN NO EVENT SHALL THE
  ~ AUTHORS OR COPYRIGHT HOLDERS BE LIABLE FOR ANY CLAIM, DAMAGES OR OTHER
  ~ LIABILITY, WHETHER IN AN ACTION OF CONTRACT, TORT OR OTHERWISE, ARISING FROM,
  ~ OUT OF OR IN CONNECTION WITH THE SOFTWARE OR THE USE OR OTHER DEALINGS IN
  ~ THE SOFTWARE.
  ~ ___________________________________________________________________
  ~
  -->

<testng-results skipped="0" failed="0" total="2" passed="2">
  <reporter-output>
  </reporter-output>
  <suite name="Suite1" duration-ms="41" started-at="2015-04-12T12:20:18Z" finished-at="2015-04-12T12:20:18Z">
    <groups>
    </groups>
    <test name="test1" duration-ms="41" started-at="2015-04-12T12:20:18Z" finished-at="2015-04-12T12:20:18Z">
      <class name="TestMessageUtil">
        <test-method status="PASS" signature="testPrintMessage()[pri:0, instance:TestMessageUtil@2a3046da]" name="testPrintMessage" duration-ms="32" started-at="2015-04-12T20:20:18Z" finished-at="2015-04-12T20:20:18Z">
          <reporter-output>
          </reporter-output>
        </test-method> <!-- testPrintMessage -->
        <test-method status="PASS" signature="testSalutationMessage()[pri:0, instance:TestMessageUtil@2a3046da]" name="testSalutationMessage" duration-ms="0" started-at="2015-04-12T20:20:18Z" finished-at="2015-04-12T20:20:18Z">
          <reporter-output>
          </reporter-output>
        </test-method> <!-- testSalutationMessage -->
      </class> <!-- TestMessageUtil -->
    </test> <!-- test1 -->
  </suite> <!-- Suite1 -->
</testng-results>
