<?xml version="1.0" encoding="utf-8" standalone="no"?>
<!--
  ~
  ~  Certain versions of software and/or documents (“Material”) accessible here may contain branding from
  ~  Hewlett-Packard Company (now HP Inc.) and Hewlett Packard Enterprise Company.  As of September 1, 2017,
  ~  the Material is now offered by Micro Focus, a separately owned and operated company.  Any reference to the HP
  ~  and Hewlett Packard Enterprise/HPE marks is historical in nature, and the HP and Hewlett Packard Enterprise/HPE
  ~  marks are the property of their respective owners.
  ~ __________________________________________________________________
  ~ MIT License
  ~
  ~ © Copyright 2012-2018 Micro Focus or one of its affiliates.
  ~
  ~ The only warranties for products and services of Micro Focus and its affiliates
  ~ and licensors (“Micro Focus”) are set forth in the express warranty statements
  ~ accompanying such products and services. Nothing herein should be construed as
  ~ constituting an additional warranty. Micro Focus shall not be liable for technical
  ~ or editorial errors or omissions contained herein.
  ~ The information contained herein is subject to change without notice.
  ~ ___________________________________________________________________
  ~
  -->

<!--This file represents the results of running a test suite-->
<test-results name="C:\Users\stepanvl\Documents\Visual Studio 2010\Projects\NUnit_Test1\NUnit_Test1\bin\Debug\NUnit_Test1.dll" total="2" errors="0" failures="1" not-run="0" inconclusive="0" ignored="0" skipped="0" invalid="0" date="2015-02-23" time="17:46:56">
  <environment nunit-version="2.6.4.14350" clr-version="2.0.50727.5472" os-version="Microsoft Windows NT 6.1.7601 Service Pack 1" platform="Win32NT" cwd="C:\Program Files (x86)\Jenkins\jobs\NUnit Project1\workspace" machine-name="MYD-VM01025" user="SYSTEM" user-domain="HPSWLABS" />
  <culture-info current-culture="en-US" current-uiculture="en-US" />
  <test-suite type="Assembly" name="C:\Users\stepanvl\Documents\Visual Studio 2010\Projects\NUnit_Test1\NUnit_Test1\bin\Debug\NUnit_Test1.dll" executed="True" result="Failure" success="False" time="0.227" asserts="0">
    <results>
      <test-suite type="TestFixture" name="ExampleTestOfNUnit" executed="True" result="Failure" success="False" time="0.199" asserts="0">
        <results>
          <test-case name="ExampleTestOfNUnit.TestMultiplicationFail" executed="True" result="Failure" success="False" time="0.122" asserts="1">
            <failure>
              <message><![CDATA[  Multiplication
  Expected: 5
  But was:  4
]]></message>
              <stack-trace><![CDATA[at ExampleTestOfNUnit.TestMultiplicationFail() in c:\users\stepanvl\documents\visual studio 2010\Projects\NUnit_Test1\NUnit_Test1\Class1.cs:line 16
]]></stack-trace>
            </failure>
          </test-case>
          <test-case name="ExampleTestOfNUnit.TestMultiplicationPass" executed="True" result="Success" success="True" time="0.000" asserts="1" />
        </results>
      </test-suite>
    </results>
  </test-suite>
</test-results>