<?xml version="1.0" encoding="UTF-8"?>
<testng-results skipped="0" failed="0" total="2" passed="2">
  <reporter-output>
  </reporter-output>
  <suite name="Suite1" duration-ms="41" started-at="2015-04-12T12:20:18Z" finished-at="2015-04-12T12:20:18Z">
    <groups>
    </groups>
    <test name="test1" duration-ms="41" started-at="2015-04-12T12:20:18Z" finished-at="2015-04-12T12:20:18Z">
      <class name="TestMessageUtil">
        <test-method status="PASS" signature="testPrintMessage()[pri:0, instance:TestMessageUtil@2a3046da]" name="testPrintMessage" duration-ms="32" started-at="2015-04-12T20:20:18Z" finished-at="2015-04-12T20:20:18Z">
          <reporter-output>
          </reporter-output>
        </test-method> <!-- testPrintMessage -->
        <test-method status="PASS" signature="testSalutationMessage()[pri:0, instance:TestMessageUtil@2a3046da]" name="testSalutationMessage" duration-ms="0" started-at="2015-04-12T20:20:18Z" finished-at="2015-04-12T20:20:18Z">
          <reporter-output>
          </reporter-output>
        </test-method> <!-- testSalutationMessage -->
      </class> <!-- TestMessageUtil -->
    </test> <!-- test1 -->
  </suite> <!-- Suite1 -->
</testng-results>
